# JRE version: Java(TM) SE Runtime Environment (9.0+11) (build 9.0.4+11)
# Java VM: Java HotSpot(TM) 64-Bit Server VM (9.0.4+11, mixed mode, tiered, compressed oops, g1 gc, windows-amd64)
Heap:
 garbage-first heap   total 400384K, used 199760K [0x0000000700000000, 0x0000000700100c38, 0x00000007c0000000)
  region size 1024K, 45 young (46080K), 1 survivors (1024K)
 Metaspace       used 97470K, capacity 104985K, committed 105216K, reserved 1138688K
  class space    used 14038K, capacity 15311K, committed 15360K, reserved 1048576K
GC Heap History (10 events):
Event: 2456.557 GC heap before
{Heap before GC invocations=749 (full 149):
 garbage-first heap   total 400384K, used 215672K [0x0000000700000000, 0x0000000700100c38, 0x00000007c0000000)
  region size 1024K, 60 young (61440K), 1 survivors (1024K)
 Metaspace       used 97460K, capacity 104921K, committed 105216K, reserved 1138688K
  class space    used 14038K, capacity 15311K, committed 15360K, reserved 1048576K
}
Event: 2456.559 GC heap after
{Heap after GC invocations=750 (full 149):
 garbage-first heap   total 400384K, used 155451K [0x0000000700000000, 0x0000000700100c38, 0x00000007c0000000)
  region size 1024K, 1 young (1024K), 1 survivors (1024K)
 Metaspace       used 97460K, capacity 104921K, committed 105216K, reserved 1138688K
  class space    used 14038K, capacity 15311K, committed 15360K, reserved 1048576K
}
Event: 2457.311 GC heap before
{Heap before GC invocations=750 (full 149):
 garbage-first heap   total 400384K, used 215867K [0x0000000700000000, 0x0000000700100c38, 0x00000007c0000000)
  region size 1024K, 60 young (61440K), 1 survivors (1024K)
 Metaspace       used 97463K, capacity 104921K, committed 105216K, reserved 1138688K
  class space    used 14038K, capacity 15311K, committed 15360K, reserved 1048576K
}
Event: 2457.313 GC heap after
{Heap after GC invocations=751 (full 149):
 garbage-first heap   total 400384K, used 155450K [0x0000000700000000, 0x0000000700100c38, 0x00000007c0000000)
  region size 1024K, 1 young (1024K), 1 survivors (1024K)
 Metaspace       used 97463K, capacity 104921K, committed 105216K, reserved 1138688K
  class space    used 14038K, capacity 15311K, committed 15360K, reserved 1048576K
}
Event: 2457.564 GC heap before
{Heap before GC invocations=751 (full 149):
 garbage-first heap   total 400384K, used 215866K [0x0000000700000000, 0x0000000700100c38, 0x00000007c0000000)
  region size 1024K, 60 young (61440K), 1 survivors (1024K)
 Metaspace       used 97463K, capacity 104921K, committed 105216K, reserved 1138688K
  class space    used 14038K, capacity 15311K, committed 15360K, reserved 1048576K
}
Event: 2457.566 GC heap after
{Heap after GC invocations=752 (full 149):
 garbage-first heap   total 400384K, used 155478K [0x0000000700000000, 0x0000000700100c38, 0x00000007c0000000)
  region size 1024K, 1 young (1024K), 1 survivors (1024K)
 Metaspace       used 97463K, capacity 104921K, committed 105216K, reserved 1138688K
  class space    used 14038K, capacity 15311K, committed 15360K, reserved 1048576K
}
Event: 2458.805 GC heap before
{Heap before GC invocations=752 (full 149):
 garbage-first heap   total 400384K, used 215894K [0x0000000700000000, 0x0000000700100c38, 0x00000007c0000000)
  region size 1024K, 60 young (61440K), 1 survivors (1024K)
 Metaspace       used 97470K, capacity 104985K, committed 105216K, reserved 1138688K
  class space    used 14038K, capacity 15311K, committed 15360K, reserved 1048576K
}
Event: 2458.810 GC heap after
{Heap after GC invocations=753 (full 149):
 garbage-first heap   total 400384K, used 155597K [0x0000000700000000, 0x0000000700100c38, 0x00000007c0000000)
  region size 1024K, 1 young (1024K), 1 survivors (1024K)
 Metaspace       used 97470K, capacity 104985K, committed 105216K, reserved 1138688K
  class space    used 14038K, capacity 15311K, committed 15360K, reserved 1048576K
}
Event: 2460.968 GC heap before
{Heap before GC invocations=753 (full 149):
 garbage-first heap   total 400384K, used 216013K [0x0000000700000000, 0x0000000700100c38, 0x00000007c0000000)
  region size 1024K, 60 young (61440K), 1 survivors (1024K)
 Metaspace       used 97470K, capacity 104985K, committed 105216K, reserved 1138688K
  class space    used 14038K, capacity 15311K, committed 15360K, reserved 1048576K
}
Event: 2460.970 GC heap after
{Heap after GC invocations=754 (full 149):
 garbage-first heap   total 400384K, used 155728K [0x0000000700000000, 0x0000000700100c38, 0x00000007c0000000)
  region size 1024K, 1 young (1024K), 1 survivors (1024K)
 Metaspace       used 97470K, capacity 104985K, committed 105216K, reserved 1138688K
  class space    used 14038K, capacity 15311K, committed 15360K, reserved 1048576K
}

